<component name="libraryTable">
  <library name="junit-jupiter-params-5.8.0-M1">
    <CLASSES>
      <root url="jar://$PROJECT_DIR$/lib/junit-jupiter-params-5.8.0-M1.jar!/" />
    </CLASSES>
    <JAVADOC />
    <SOURCES />
  </library>
</component>